#
# There is insufficient memory for the Java Runtime Environment to continue.
# Native memory allocation (mmap) failed to map 266338304 bytes for G1 virtual space
# Possible reasons:
#   The system is out of physical RAM or swap space
#   The process is running with CompressedOops enabled, and the Java Heap may be blocking the growth of the native heap
# Possible solutions:
#   Reduce memory load on the system
#   Increase physical memory or swap space
#   Check if swap backing store is full
#   Decrease Java heap size (-Xmx/-Xms)
#   Decrease number of Java threads
#   Decrease Java thread stack sizes (-Xss)
#   Set larger code cache with -XX:ReservedCodeCacheSize=
#   JVM is running with Zero Based Compressed Oops mode in which the Java heap is
#     placed in the first 32GB address space. The Java Heap base address is the
#     maximum limit for the native heap growth. Please use -XX:HeapBaseMinAddress
#     to set the Java Heap base and to place the Java Heap above 32GB virtual address.
# This output file may be truncated or incomplete.
#
#  Out of Memory Error (os_windows.cpp:3559), pid=17420, tid=11196
#
# JRE version:  (17.0.7+7) (build )
# Java VM: OpenJDK 64-Bit Server VM (17.0.7+7, mixed mode, sharing, tiered, compressed oops, compressed class ptrs, g1 gc, windows-amd64)
# No core dump will be written. Minidumps are not enabled by default on client versions of Windows
#

---------------  S U M M A R Y ------------

Command Line: -Dfile.encoding=UTF-8 --module-path=D:\projetSeb\projetJava\projetJava\bin -XX:+ShowCodeDetailsInExceptionMessages -Djdk.module.main=projetJava projetJava/projetJava.Program

Host: Intel(R) Core(TM) i7-8700 CPU @ 3.20GHz, 12 cores, 15G,  Windows 10 , 64 bit Build 19041 (10.0.19041.3636)
Time: Mon Mar 25 13:41:08 2024 Paris, Madrid elapsed time: 0.007132 seconds (0d 0h 0m 0s)

---------------  T H R E A D  ---------------

Current thread (0x000001c37a74e370):  JavaThread "Unknown thread" [_thread_in_vm, id=11196, stack(0x0000005630a00000,0x0000005630b00000)]

Stack: [0x0000005630a00000,0x0000005630b00000]
Native frames: (J=compiled Java code, j=interpreted, Vv=VM code, C=native code)
V  [jvm.dll+0x67754a]
V  [jvm.dll+0x834304]
V  [jvm.dll+0x835aae]
V  [jvm.dll+0x836113]
V  [jvm.dll+0x24696f]
V  [jvm.dll+0x6743f9]
V  [jvm.dll+0x668c8a]
V  [jvm.dll+0x3061bb]
V  [jvm.dll+0x30d6a6]
V  [jvm.dll+0x35cece]
V  [jvm.dll+0x35d0ff]
V  [jvm.dll+0x2dd048]
V  [jvm.dll+0x2ddfb4]
V  [jvm.dll+0x8066d1]
V  [jvm.dll+0x36ac91]
V  [jvm.dll+0x7e5cec]
V  [jvm.dll+0x3ed56f]
V  [jvm.dll+0x3ef0a1]
C  [jli.dll+0x528b]
C  [ucrtbase.dll+0x21bb2]
C  [KERNEL32.DLL+0x17344]
C  [ntdll.dll+0x526b1]


---------------  P R O C E S S  ---------------

Threads class SMR info:
_java_thread_list=0x00007ffacd9c7018, length=0, elements={
}

Java Threads: ( => current thread )

Other Threads:
  0x000001c37c88e140 GCTaskThread "GC Thread#0" [stack: 0x0000005630b00000,0x0000005630c00000] [id=17524]
  0x000001c37c89ed40 ConcurrentGCThread "G1 Main Marker" [stack: 0x0000005630c00000,0x0000005630d00000] [id=15884]
  0x000001c37c89fdf0 ConcurrentGCThread "G1 Conc#0" [stack: 0x0000005630d00000,0x0000005630e00000] [id=11624]

[error occurred during error reporting (printing all threads), id 0xc0000005, EXCEPTION_ACCESS_VIOLATION (0xc0000005) at pc=0x00007ffacd19daf7]

VM state: not at safepoint (not fully initialized)

VM Mutex/Monitor currently owned by a thread:  ([mutex/lock_event])
[0x000001c37c81ead0] Heap_lock - owner thread: 0x000001c37a74e370

Heap address: 0x0000000702400000, size: 4060 MB, Compressed Oops mode: Zero based, Oop shift amount: 3

CDS archive(s) mapped at: [0x0000000000000000-0x0000000000000000-0x0000000000000000), size 0, SharedBaseAddress: 0x0000000800000000, ArchiveRelocationMode: 0.
Narrow klass base: 0x0000000000000000, Narrow klass shift: 0, Narrow klass range: 0x0

GC Precious Log:
<Empty>

Heap:
 garbage-first heap   total 0K, used 0K [0x0000000702400000, 0x0000000800000000)
  region size 2048K, 0 young (0K), 0 survivors (0K)

[error occurred during error reporting (printing heap information), id 0xc0000005, EXCEPTION_ACCESS_VIOLATION (0xc0000005) at pc=0x00007ffacd580db9]

GC Heap History (0 events):
No events

Dll operation events (1 events):
Event: 0.004 Loaded shared library C:\eclipseJava\plugins\org.eclipse.justj.openjdk.hotspot.jre.full.win32.x86_64_17.0.7.v20230425-1502\jre\bin\java.dll

Deoptimization events (0 events):
No events

Classes unloaded (0 events):
No events

Classes redefined (0 events):
No events

Internal exceptions (0 events):
No events

VM Operations (0 events):
No events

Events (0 events):
No events


Dynamic libraries:
0x00007ff739b90000 - 0x00007ff739b9e000 	C:\eclipseJava\plugins\org.eclipse.justj.openjdk.hotspot.jre.full.win32.x86_64_17.0.7.v20230425-1502\jre\bin\javaw.exe
0x00007ffb50650000 - 0x00007ffb50848000 	C:\Windows\SYSTEM32\ntdll.dll
0x00007ffb4f660000 - 0x00007ffb4f71d000 	C:\Windows\System32\KERNEL32.DLL
0x00007ffb4e380000 - 0x00007ffb4e676000 	C:\Windows\System32\KERNELBASE.dll
0x00007ffb4dd70000 - 0x00007ffb4de70000 	C:\Windows\System32\ucrtbase.dll
0x00007ffb2c2b0000 - 0x00007ffb2c2c7000 	C:\eclipseJava\plugins\org.eclipse.justj.openjdk.hotspot.jre.full.win32.x86_64_17.0.7.v20230425-1502\jre\bin\jli.dll
0x00007ffb209b0000 - 0x00007ffb209c9000 	C:\eclipseJava\plugins\org.eclipse.justj.openjdk.hotspot.jre.full.win32.x86_64_17.0.7.v20230425-1502\jre\bin\VCRUNTIME140.dll
0x00007ffb4ffa0000 - 0x00007ffb5013e000 	C:\Windows\System32\USER32.dll
0x00007ffb4e350000 - 0x00007ffb4e372000 	C:\Windows\System32\win32u.dll
0x00007ffb3c1c0000 - 0x00007ffb3c45a000 	C:\Windows\WinSxS\amd64_microsoft.windows.common-controls_6595b64144ccf1df_6.0.19041.3636_none_60b6a03d71f818d5\COMCTL32.dll
0x00007ffb4f720000 - 0x00007ffb4f74b000 	C:\Windows\System32\GDI32.dll
0x00007ffb4f7f0000 - 0x00007ffb4f88e000 	C:\Windows\System32\msvcrt.dll
0x00007ffb4e000000 - 0x00007ffb4e117000 	C:\Windows\System32\gdi32full.dll
0x00007ffb4e280000 - 0x00007ffb4e31d000 	C:\Windows\System32\msvcp_win.dll
0x00007ffb502d0000 - 0x00007ffb50302000 	C:\Windows\System32\IMM32.DLL
0x00007ffb3cfb0000 - 0x00007ffb3cfbc000 	C:\eclipseJava\plugins\org.eclipse.justj.openjdk.hotspot.jre.full.win32.x86_64_17.0.7.v20230425-1502\jre\bin\vcruntime140_1.dll
0x00007ffafe590000 - 0x00007ffafe621000 	C:\eclipseJava\plugins\org.eclipse.justj.openjdk.hotspot.jre.full.win32.x86_64_17.0.7.v20230425-1502\jre\bin\msvcp140.dll
0x00007ffacceb0000 - 0x00007ffacdaf8000 	C:\eclipseJava\plugins\org.eclipse.justj.openjdk.hotspot.jre.full.win32.x86_64_17.0.7.v20230425-1502\jre\bin\server\jvm.dll
0x00007ffb50560000 - 0x00007ffb50610000 	C:\Windows\System32\ADVAPI32.dll
0x00007ffb4f750000 - 0x00007ffb4f7f0000 	C:\Windows\System32\sechost.dll
0x00007ffb4e8f0000 - 0x00007ffb4ea15000 	C:\Windows\System32\RPCRT4.dll
0x00007ffb4e320000 - 0x00007ffb4e347000 	C:\Windows\System32\bcrypt.dll
0x00007ffb21580000 - 0x00007ffb215a7000 	C:\Windows\SYSTEM32\WINMM.dll
0x00007ffb392b0000 - 0x00007ffb392b9000 	C:\Windows\SYSTEM32\WSOCK32.dll
0x00007ffb485b0000 - 0x00007ffb485ba000 	C:\Windows\SYSTEM32\VERSION.dll
0x00007ffb4f890000 - 0x00007ffb4f8fb000 	C:\Windows\System32\WS2_32.dll
0x00007ffb4b9f0000 - 0x00007ffb4ba02000 	C:\Windows\SYSTEM32\kernel.appcore.dll
0x00007ffb49880000 - 0x00007ffb4988a000 	C:\eclipseJava\plugins\org.eclipse.justj.openjdk.hotspot.jre.full.win32.x86_64_17.0.7.v20230425-1502\jre\bin\jimage.dll
0x00007ffb2a8e0000 - 0x00007ffb2aac4000 	C:\Windows\SYSTEM32\DBGHELP.DLL
0x00007ffb2a8a0000 - 0x00007ffb2a8d4000 	C:\Windows\SYSTEM32\dbgcore.DLL
0x00007ffb4df20000 - 0x00007ffb4dfa2000 	C:\Windows\System32\bcryptPrimitives.dll
0x00007ffb31420000 - 0x00007ffb31445000 	C:\eclipseJava\plugins\org.eclipse.justj.openjdk.hotspot.jre.full.win32.x86_64_17.0.7.v20230425-1502\jre\bin\java.dll

dbghelp: loaded successfully - version: 4.0.5 - missing functions: none
symbol engine: initialized successfully - sym options: 0x614 - pdb path: .;C:\eclipseJava\plugins\org.eclipse.justj.openjdk.hotspot.jre.full.win32.x86_64_17.0.7.v20230425-1502\jre\bin;C:\Windows\SYSTEM32;C:\Windows\WinSxS\amd64_microsoft.windows.common-controls_6595b64144ccf1df_6.0.19041.3636_none_60b6a03d71f818d5;C:\eclipseJava\plugins\org.eclipse.justj.openjdk.hotspot.jre.full.win32.x86_64_17.0.7.v20230425-1502\jre\bin\server

VM Arguments:
jvm_args: -Dfile.encoding=UTF-8 --module-path=D:\projetSeb\projetJava\projetJava\bin -XX:+ShowCodeDetailsInExceptionMessages -Djdk.module.main=projetJava 
java_command: projetJava/projetJava.Program
java_class_path (initial): <not set>
Launcher Type: SUN_STANDARD

[Global flags]
     intx CICompilerCount                          = 4                                         {product} {ergonomic}
     uint ConcGCThreads                            = 3                                         {product} {ergonomic}
     uint G1ConcRefinementThreads                  = 10                                        {product} {ergonomic}
   size_t G1HeapRegionSize                         = 2097152                                   {product} {ergonomic}
    uintx GCDrainStackTargetSize                   = 64                                        {product} {ergonomic}
   size_t InitialHeapSize                          = 266338304                                 {product} {ergonomic}
   size_t MarkStackSize                            = 4194304                                   {product} {ergonomic}
   size_t MaxHeapSize                              = 4257218560                                {product} {ergonomic}
   size_t MinHeapDeltaBytes                        = 2097152                                   {product} {ergonomic}
   size_t MinHeapSize                              = 8388608                                   {product} {ergonomic}
    uintx NonNMethodCodeHeapSize                   = 5839372                                {pd product} {ergonomic}
    uintx NonProfiledCodeHeapSize                  = 122909434                              {pd product} {ergonomic}
    uintx ProfiledCodeHeapSize                     = 122909434                              {pd product} {ergonomic}
    uintx ReservedCodeCacheSize                    = 251658240                              {pd product} {ergonomic}
     bool SegmentedCodeCache                       = true                                      {product} {ergonomic}
     bool ShowCodeDetailsInExceptionMessages       = true                                   {manageable} {command line}
   size_t SoftMaxHeapSize                          = 4257218560                             {manageable} {ergonomic}
     bool UseCompressedClassPointers               = true                           {product lp64_product} {ergonomic}
     bool UseCompressedOops                        = true                           {product lp64_product} {ergonomic}
     bool UseG1GC                                  = true                                      {product} {ergonomic}
     bool UseLargePagesIndividualAllocation        = false                                  {pd product} {ergonomic}

Logging:
Log output configuration:
 #0: stdout all=warning uptime,level,tags
 #1: stderr all=off uptime,level,tags

Environment Variables:
PATH=C:/eclipseJava//plugins/org.eclipse.justj.openjdk.hotspot.jre.full.win32.x86_64_17.0.7.v20230425-1502/jre/bin/server;C:/eclipseJava//plugins/org.eclipse.justj.openjdk.hotspot.jre.full.win32.x86_64_17.0.7.v20230425-1502/jre/bin;C:\Program Files\Common Files\Oracle\Java\javapath;C:\Program Files\Eclipse Adoptium\jdk-11.0.19.7-hotspot\bin;C:\Windows\system32;C:\Windows;C:\Windows\System32\Wbem;C:\Windows\System32\WindowsPowerShell\v1.0\;C:\Windows\System32\OpenSSH\;C:\Program Files\PuTTY\;C:\Program Files\dotnet\;C:\Users\sthorne\AppData\Local\Microsoft\WindowsApps;C:\Users\sthorne\AppData\Local\Programs\Microsoft VS Code\bin;C:\eclipseJava;
USERNAME=STHORNE
OS=Windows_NT
PROCESSOR_IDENTIFIER=Intel64 Family 6 Model 158 Stepping 10, GenuineIntel
TMP=C:\Users\sthorne\AppData\Local\Temp
TEMP=C:\Users\sthorne\AppData\Local\Temp



---------------  S Y S T E M  ---------------

OS:
 Windows 10 , 64 bit Build 19041 (10.0.19041.3636)
OS uptime: 0 days 2:33 hours

CPU: total 12 (initial active 12) (6 cores per cpu, 2 threads per core) family 6 model 158 stepping 10 microcode 0xb4, cx8, cmov, fxsr, ht, mmx, 3dnowpref, sse, sse2, sse3, ssse3, sse4.1, sse4.2, popcnt, lzcnt, tsc, tscinvbit, avx, avx2, aes, erms, clmul, bmi1, bmi2, rtm, adx, fma, vzeroupper, clflush, clflushopt

Memory: 4k page, system-wide physical 16233M (7382M free)
TotalPageFile size 30095M (AvailPageFile size 54M)
current process WorkingSet (physical memory assigned to process): 10M, peak: 10M
current process commit charge ("private bytes"): 64M, peak: 318M

vm_info: OpenJDK 64-Bit Server VM (17.0.7+7) for windows-amd64 JRE (17.0.7+7), built on Apr 18 2023 22:10:42 by "temurin" with MS VC++ 16.7 (VS2019)

END.
